<?xml version="1.0" encoding="UTF-8"?>
<testng-results skipped="0" failed="0" total="2" passed="2">
  <reporter-output>
  </reporter-output>
  <suite name="com.org.learningMaven.HelloWorldTest" duration-ms="19857" started-at="2016-05-25T06:47:29Z" finished-at="2016-05-25T06:47:49Z">
    <groups>
    </groups>
    <test name="Command line test" duration-ms="19857" started-at="2016-05-25T06:47:29Z" finished-at="2016-05-25T06:47:49Z">
      <class name="com.org.learningMaven.HelloWorldTest">
        <test-method status="PASS" signature="Login()[pri:0, instance:com.org.learningMaven.HelloWorldTest@57829d67]" name="Login" duration-ms="19844" started-at="2016-05-25T14:47:29Z" finished-at="2016-05-25T14:47:49Z">
          <reporter-output>
          </reporter-output>
        </test-method> <!-- Login -->
        <test-method status="PASS" signature="test()[pri:0, instance:com.org.learningMaven.HelloWorldTest@57829d67]" name="test" duration-ms="0" started-at="2016-05-25T14:47:49Z" finished-at="2016-05-25T14:47:49Z">
          <reporter-output>
          </reporter-output>
        </test-method> <!-- test -->
      </class> <!-- com.org.learningMaven.HelloWorldTest -->
    </test> <!-- Command line test -->
  </suite> <!-- com.org.learningMaven.HelloWorldTest -->
</testng-results>
