<?xml version="1.0" encoding="UTF-8" ?>
<testsuite tests="2" failures="1" name="com.org.learningMaven.HelloWorldTest" time="0.536" errors="0" skipped="0">
  <properties>
[...]
</properties>
  <testcase classname="com.org.learningMaven.HelloWorldTest" name="Login" time="0.01">
    <failure message="com/DesiredCapabilitiesBrowser" type="java.lang.NoClassDefFoundError">java.lang.NoClassDefFoundError: com/DesiredCapabilitiesBrowser
	at com.org.learningMaven.HelloWorldTest.Login(HelloWorldTest.java:17)
Caused by: java.lang.ClassNotFoundException: com.DesiredCapabilitiesBrowser
	at java.net.URLClassLoader.findClass(URLClassLoader.java:381)
	at java.lang.ClassLoader.loadClass(ClassLoader.java:424)
	at sun.misc.Launcher$AppClassLoader.loadClass(Launcher.java:331)
	at java.lang.ClassLoader.loadClass(ClassLoader.java:357)
	... 34 more
</failure>
  </testcase>
  <testcase classname="com.org.learningMaven.HelloWorldTest" name="test" time="0"/>
</testsuite>