<?xml version="1.0" encoding="UTF-8"?>
<!-- Generated by org.testng.reporters.JUnitXMLReporter -->
<testsuite hostname="XIOZA01-E7440" name="Command line test" tests="2" failures="1" timestamp="27 May 2016 03:13:49 GMT" time="0.031" errors="0">
  <testcase name="Login" time="0.0" classname="com.org.learningMaven.HelloWorldTest">
    <failure type="java.lang.NoClassDefFoundError" message="com/DesiredCapabilitiesBrowser">
      <![CDATA[java.lang.NoClassDefFoundError: com/DesiredCapabilitiesBrowser
	at com.org.learningMaven.HelloWorldTest.Login(HelloWorldTest.java:17)
	at org.apache.maven.surefire.testng.TestNGExecutor.run(TestNGExecutor.java:70)
	at org.apache.maven.surefire.testng.TestNGDirectoryTestSuite.execute(TestNGDirectoryTestSuite.java:109)
	at org.apache.maven.surefire.testng.TestNGProvider.invoke(TestNGProvider.java:111)
	at org.apache.maven.surefire.util.ReflectionUtils.invokeMethodWithArray(ReflectionUtils.java:164)
	at org.apache.maven.surefire.booter.ProviderFactory$ProviderProxy.invoke(ProviderFactory.java:110)
	at org.apache.maven.surefire.booter.SurefireStarter.invokeProvider(SurefireStarter.java:175)
	at org.apache.maven.surefire.booter.SurefireStarter.runSuitesInProcessWhenForked(SurefireStarter.java:107)
	at org.apache.maven.surefire.booter.ForkedBooter.main(ForkedBooter.java:68)
Caused by: java.lang.ClassNotFoundException: com.DesiredCapabilitiesBrowser
	at java.net.URLClassLoader.findClass(URLClassLoader.java:381)
	at java.lang.ClassLoader.loadClass(ClassLoader.java:424)
	at sun.misc.Launcher$AppClassLoader.loadClass(Launcher.java:331)
	at java.lang.ClassLoader.loadClass(ClassLoader.java:357)
	... 34 more
... Removed 25 stack frames]]>
    </failure>
  </testcase> <!-- Login -->
  <testcase name="test" time="0.0" classname="com.org.learningMaven.HelloWorldTest"/>
</testsuite> <!-- Command line test -->
